<?xml version="1.0" encoding="UTF-8"?>
<robot generator="Robot 7.0 (Python 3.11.9 on win32)" generated="2024-06-01T00:46:27.547910" rpa="false" schemaversion="5">
<suite id="s1" name="Register" source="d:\Programming\Python\ParaBankRobot\tests\Register.robot">
<test id="s1-t1" name="Register New Account" line="22">
<kw name="Start TestCase" owner="CommonFunctionality" type="SETUP">
<kw name="Open Browser" owner="SeleniumLibrary">
<msg time="2024-06-01T00:46:29.389601" level="INFO">Opening browser 'firefox' to base url 'https://parabank.parasoft.com/parabank/index.htm'.</msg>
<arg>${Base_URL}</arg>
<arg>${Browser}</arg>
<doc>Opens a new browser instance to the optional ``url``.</doc>
<status status="PASS" start="2024-06-01T00:46:29.389601" elapsed="10.651883"/>
</kw>
<kw name="Maximize Browser Window" owner="SeleniumLibrary">
<doc>Maximizes current browser window.</doc>
<status status="PASS" start="2024-06-01T00:46:40.042479" elapsed="0.271946"/>
</kw>
<kw name="Sleep" owner="BuiltIn">
<msg time="2024-06-01T00:46:41.315847" level="INFO">Slept 1 second.</msg>
<arg>1s</arg>
<doc>Pauses the test executed for the given time.</doc>
<status status="PASS" start="2024-06-01T00:46:40.314425" elapsed="1.001422"/>
</kw>
<status status="PASS" start="2024-06-01T00:46:29.388600" elapsed="11.927247"/>
</kw>
<kw name="Click Link" owner="SeleniumLibrary">
<msg time="2024-06-01T00:46:41.316352" level="INFO">Clicking link 'link:Register'.</msg>
<arg>link:Register</arg>
<doc>Clicks a link identified by ``locator``.</doc>
<status status="PASS" start="2024-06-01T00:46:41.316352" elapsed="0.448920"/>
</kw>
<kw name="Input Text" owner="SeleniumLibrary">
<msg time="2024-06-01T00:46:41.766272" level="INFO">Typing text 'Bogdan Polak' into text field 'id:customer.firstName'.</msg>
<arg>id:customer.firstName</arg>
<arg>${FirstName}</arg>
<doc>Types the given ``text`` into the text field identified by ``locator``.</doc>
<status status="PASS" start="2024-06-01T00:46:41.766272" elapsed="0.037591"/>
</kw>
<kw name="Input Text" owner="SeleniumLibrary">
<msg time="2024-06-01T00:46:41.805365" level="INFO">Typing text 'Bogdan Polak' into text field 'id:customer.lastName'.</msg>
<arg>id:customer.lastName</arg>
<arg>${LastName}</arg>
<doc>Types the given ``text`` into the text field identified by ``locator``.</doc>
<status status="PASS" start="2024-06-01T00:46:41.805365" elapsed="0.014512"/>
</kw>
<kw name="Input Text" owner="SeleniumLibrary">
<msg time="2024-06-01T00:46:41.820878" level="INFO">Typing text 'Poland' into text field 'id:customer.address.street'.</msg>
<arg>id:customer.address.street</arg>
<arg>${AddressCity}</arg>
<doc>Types the given ``text`` into the text field identified by ``locator``.</doc>
<status status="PASS" start="2024-06-01T00:46:41.820878" elapsed="0.016035"/>
</kw>
<kw name="Input Text" owner="SeleniumLibrary">
<msg time="2024-06-01T00:46:41.837914" level="INFO">Typing text 'Poland' into text field 'id:customer.address.city'.</msg>
<arg>id:customer.address.city</arg>
<arg>${AddressCity}</arg>
<doc>Types the given ``text`` into the text field identified by ``locator``.</doc>
<status status="PASS" start="2024-06-01T00:46:41.836913" elapsed="0.018197"/>
</kw>
<kw name="Input Text" owner="SeleniumLibrary">
<msg time="2024-06-01T00:46:41.860120" level="INFO">Typing text 'Maine' into text field 'id:customer.address.state'.</msg>
<arg>id:customer.address.state</arg>
<arg>${AddressState}</arg>
<doc>Types the given ``text`` into the text field identified by ``locator``.</doc>
<status status="PASS" start="2024-06-01T00:46:41.859118" elapsed="0.022059"/>
</kw>
<kw name="Input Text" owner="SeleniumLibrary">
<msg time="2024-06-01T00:46:41.882177" level="INFO">Typing text '04274' into text field 'id:customer.address.zipCode'.</msg>
<arg>id:customer.address.zipCode</arg>
<arg>${AddressZipCode}</arg>
<doc>Types the given ``text`` into the text field identified by ``locator``.</doc>
<status status="PASS" start="2024-06-01T00:46:41.882177" elapsed="0.017607"/>
</kw>
<kw name="Input Text" owner="SeleniumLibrary">
<msg time="2024-06-01T00:46:41.900783" level="INFO">Typing text '123-456-789' into text field 'id:customer.phoneNumber'.</msg>
<arg>id:customer.phoneNumber</arg>
<arg>${PhoneNumber}</arg>
<doc>Types the given ``text`` into the text field identified by ``locator``.</doc>
<status status="PASS" start="2024-06-01T00:46:41.899784" elapsed="0.015209"/>
</kw>
<kw name="Input Text" owner="SeleniumLibrary">
<msg time="2024-06-01T00:46:41.915992" level="INFO">Typing text '534-90-2138' into text field 'id:customer.ssn'.</msg>
<arg>id:customer.ssn</arg>
<arg>${SSN}</arg>
<doc>Types the given ``text`` into the text field identified by ``locator``.</doc>
<status status="PASS" start="2024-06-01T00:46:41.915992" elapsed="0.015516"/>
</kw>
<kw name="Input Text" owner="SeleniumLibrary">
<msg time="2024-06-01T00:46:41.932508" level="INFO">Typing text 'charles.houle' into text field 'id:customer.username'.</msg>
<arg>id:customer.username</arg>
<arg>${Username}</arg>
<doc>Types the given ``text`` into the text field identified by ``locator``.</doc>
<status status="PASS" start="2024-06-01T00:46:41.932508" elapsed="0.013336"/>
</kw>
<kw name="Input Password" owner="SeleniumLibrary">
<msg time="2024-06-01T00:46:41.946845" level="INFO">Typing password into text field 'id:customer.password'.</msg>
<msg time="2024-06-01T00:46:41.951845" level="INFO">Temporally setting log level to: NONE</msg>
<arg>id:customer.password</arg>
<arg>${Password}</arg>
<doc>Types the given password into the text field identified by ``locator``.</doc>
<status status="PASS" start="2024-06-01T00:46:41.946845" elapsed="0.015515"/>
</kw>
<kw name="Input Password" owner="SeleniumLibrary">
<msg time="2024-06-01T00:46:41.962360" level="INFO">Typing password into text field 'id:repeatedPassword'.</msg>
<msg time="2024-06-01T00:46:41.968891" level="INFO">Temporally setting log level to: NONE</msg>
<arg>id:repeatedPassword</arg>
<arg>${Password}</arg>
<doc>Types the given password into the text field identified by ``locator``.</doc>
<status status="PASS" start="2024-06-01T00:46:41.962360" elapsed="0.016052"/>
</kw>
<kw name="Click Button" owner="SeleniumLibrary">
<msg time="2024-06-01T00:46:41.979410" level="INFO">Clicking button '//input[@type='submit' and @value='Register']'.</msg>
<arg>//input[@type='submit' and @value='Register']</arg>
<doc>Clicks the button identified by ``locator``.</doc>
<status status="PASS" start="2024-06-01T00:46:41.978412" elapsed="0.513776"/>
</kw>
<kw name="Finish TestCase" owner="CommonFunctionality" type="TEARDOWN">
<kw name="Close Browser" owner="SeleniumLibrary">
<doc>Closes the current browser.</doc>
<status status="PASS" start="2024-06-01T00:46:42.492188" elapsed="2.758353"/>
</kw>
<status status="PASS" start="2024-06-01T00:46:42.492188" elapsed="2.759351"/>
</kw>
<status status="PASS" start="2024-06-01T00:46:29.387600" elapsed="15.863939"/>
</test>
<status status="PASS" start="2024-06-01T00:46:27.560966" elapsed="17.691573"/>
</suite>
<statistics>
<total>
<stat pass="1" fail="0" skip="0">All Tests</stat>
</total>
<tag>
</tag>
<suite>
<stat pass="1" fail="0" skip="0" id="s1" name="Register">Register</stat>
</suite>
</statistics>
<errors>
</errors>
</robot>
